<?xml version="1.0" encoding="UTF-8"?>
<testng-results skipped="0" failed="0" total="2" passed="2">
  <reporter-output>
  </reporter-output>
  <suite name="Grid" duration-ms="95544" started-at="2016-11-05T09:54:05Z" finished-at="2016-11-05T09:55:40Z">
    <groups>
    </groups>
    <test name="On Chrome" duration-ms="25529" started-at="2016-11-05T09:54:05Z" finished-at="2016-11-05T09:54:30Z">
      <class name="grid.GridEg1">
        <test-method status="PASS" signature="grid(java.lang.String)[pri:0, instance:grid.GridEg1@7c16905e]" name="grid" duration-ms="25487" started-at="2016-11-05T15:24:05Z" finished-at="2016-11-05T15:24:30Z">
          <params>
            <param index="0">
              <value>
                <![CDATA[chrome]]>
              </value>
            </param>
          </params>
          <reporter-output>
          </reporter-output>
        </test-method> <!-- grid -->
      </class> <!-- grid.GridEg1 -->
    </test> <!-- On Chrome -->
    <test name="On Firefox" duration-ms="95544" started-at="2016-11-05T09:54:05Z" finished-at="2016-11-05T09:55:40Z">
      <class name="grid.GridEg1">
        <test-method status="PASS" signature="grid(java.lang.String)[pri:0, instance:grid.GridEg1@215be6bb]" name="grid" duration-ms="95508" started-at="2016-11-05T15:24:05Z" finished-at="2016-11-05T15:25:40Z">
          <params>
            <param index="0">
              <value>
                <![CDATA[firefox]]>
              </value>
            </param>
          </params>
          <reporter-output>
          </reporter-output>
        </test-method> <!-- grid -->
      </class> <!-- grid.GridEg1 -->
    </test> <!-- On Firefox -->
  </suite> <!-- Grid -->
</testng-results>
